<?xml version="1.0" encoding="UTF-8"?>
<!-- Generated by org.testng.reporters.JUnitXMLReporter -->
<testsuite ignored="0" hostname="DESKTOP-515TULK" failures="1" tests="2" name="Default test" time="42.571" errors="0" timestamp="2024-06-07T22:02:54 IST">
  <testcase classname="io.cucumber.testng.AbstractTestNGCucumberTests" name="runScenario" time="11.844">
    <failure type="java.lang.AssertionError" message="expected [Incorrect email or password.] but found [Incorrect email / password.]">
      <![CDATA[java.lang.AssertionError: expected [Incorrect email or password.] but found [Incorrect email / password.]
at org.testng.Assert.fail(Assert.java:99)
at org.testng.Assert.failNotEquals(Assert.java:1037)
at org.testng.Assert.assertEqualsImpl(Assert.java:140)
at org.testng.Assert.assertEquals(Assert.java:122)
at org.testng.Assert.assertEquals(Assert.java:629)
at org.testng.Assert.assertEquals(Assert.java:639)
at stepDefinition.StepDefinitionImpl.message_is_displayed(StepDefinitionImpl.java:85)
at âœ½."Incorrect email / password." message is displayed(file:///C:/Users/Kanmani/eclipse-workspace/SeleniumFrameworkDesign/src/test/java/cucumber/Errorvalidations.feature:11)
]]>
    </failure>
  </testcase> <!-- runScenario -->
  <testcase classname="io.cucumber.testng.AbstractTestNGCucumberTests" name="runScenario" time="23.948"/>
</testsuite> <!-- Default test -->
